<?xml version="1.0" encoding="UTF-8"?>
<testsuite xmlns:xsi="http://www.w3.org/2001/XMLSchema-instance" xsi:noNamespaceSchemaLocation="https://maven.apache.org/surefire/maven-surefire-plugin/xsd/surefire-test-report-3.0.xsd" version="3.0" name="com.todocode.tpFinal.TpFinalApplicationTests" time="5.008" tests="1" errors="0" skipped="0" failures="0">
  <properties>
[...]
</properties>
  <testcase name="contextLoads" classname="com.todocode.tpFinal.TpFinalApplicationTests" time="0.396">
    <system-out><![CDATA[12:47:35.481 [main] INFO org.springframework.test.context.support.AnnotationConfigContextLoaderUtils -- Could not detect default configuration classes for test class [com.todocode.tpFinal.TpFinalApplicationTests]: TpFinalApplicationTests does not declare any static, non-private, non-final, nested classes annotated with @Configuration.
12:47:35.568 [main] INFO org.springframework.boot.test.context.SpringBootTestContextBootstrapper -- Found @SpringBootConfiguration com.todocode.tpFinal.TpFinalApplication for test class com.todocode.tpFinal.TpFinalApplicationTests
12:47:35.714 [main] INFO org.springframework.boot.devtools.restart.RestartApplicationListener -- Restart disabled due to context in which it is running

  .   ____          _            __ _ _
 /\\ / ___'_ __ _ _(_)_ __  __ _ \ \ \ \
( ( )\___ | '_ | '_| | '_ \/ _` | \ \ \ \
 \\/  ___)| |_)| | | | | || (_| |  ) ) ) )
  '  |____| .__|_| |_|_| |_\__, | / / / /
 =========|_|==============|___/=/_/_/_/

 :: Spring Boot ::                (v3.3.3)

2024-09-11T12:47:36.040-03:00  INFO 12024 --- [tpFinal] [           main] c.t.tpFinal.TpFinalApplicationTests      : Starting TpFinalApplicationTests using Java 22.0.1 with PID 12024 (started by Nahuel in C:\Users\Nahuel\IdeaProjects\tpFinal)
2024-09-11T12:47:36.041-03:00  INFO 12024 --- [tpFinal] [           main] c.t.tpFinal.TpFinalApplicationTests      : No active profile set, falling back to 1 default profile: "default"
2024-09-11T12:47:36.770-03:00  INFO 12024 --- [tpFinal] [           main] .s.d.r.c.RepositoryConfigurationDelegate : Bootstrapping Spring Data JPA repositories in DEFAULT mode.
2024-09-11T12:47:36.815-03:00  INFO 12024 --- [tpFinal] [           main] .s.d.r.c.RepositoryConfigurationDelegate : Finished Spring Data repository scanning in 39 ms. Found 3 JPA repository interfaces.
2024-09-11T12:47:37.206-03:00  INFO 12024 --- [tpFinal] [           main] o.hibernate.jpa.internal.util.LogHelper  : HHH000204: Processing PersistenceUnitInfo [name: default]
2024-09-11T12:47:37.259-03:00  INFO 12024 --- [tpFinal] [           main] org.hibernate.Version                    : HHH000412: Hibernate ORM core version 6.5.2.Final
2024-09-11T12:47:37.292-03:00  INFO 12024 --- [tpFinal] [           main] o.h.c.internal.RegionFactoryInitiator    : HHH000026: Second-level cache disabled
2024-09-11T12:47:37.586-03:00  INFO 12024 --- [tpFinal] [           main] o.s.o.j.p.SpringPersistenceUnitInfo      : No LoadTimeWeaver setup: ignoring JPA class transformer
2024-09-11T12:47:37.612-03:00  INFO 12024 --- [tpFinal] [           main] com.zaxxer.hikari.HikariDataSource       : HikariPool-1 - Starting...
2024-09-11T12:47:37.748-03:00  INFO 12024 --- [tpFinal] [           main] com.zaxxer.hikari.pool.HikariPool        : HikariPool-1 - Added connection com.mysql.cj.jdbc.ConnectionImpl@1f408ab6
2024-09-11T12:47:37.750-03:00  INFO 12024 --- [tpFinal] [           main] com.zaxxer.hikari.HikariDataSource       : HikariPool-1 - Start completed.
2024-09-11T12:47:37.787-03:00  WARN 12024 --- [tpFinal] [           main] org.hibernate.orm.deprecation            : HHH90000025: MySQL8Dialect does not need to be specified explicitly using 'hibernate.dialect' (remove the property setting and it will be selected by default)
2024-09-11T12:47:37.789-03:00  WARN 12024 --- [tpFinal] [           main] org.hibernate.orm.deprecation            : HHH90000026: MySQL8Dialect has been deprecated; use org.hibernate.dialect.MySQLDialect instead
2024-09-11T12:47:38.514-03:00  INFO 12024 --- [tpFinal] [           main] o.h.e.t.j.p.i.JtaPlatformInitiator       : HHH000489: No JTA platform available (set 'hibernate.transaction.jta.platform' to enable JTA platform integration)
2024-09-11T12:47:38.571-03:00  INFO 12024 --- [tpFinal] [           main] j.LocalContainerEntityManagerFactoryBean : Initialized JPA EntityManagerFactory for persistence unit 'default'
2024-09-11T12:47:38.804-03:00  INFO 12024 --- [tpFinal] [           main] o.s.d.j.r.query.QueryEnhancerFactory     : Hibernate is in classpath; If applicable, HQL parser will be used.
2024-09-11T12:47:39.407-03:00  WARN 12024 --- [tpFinal] [           main] JpaBaseConfiguration$JpaWebConfiguration : spring.jpa.open-in-view is enabled by default. Therefore, database queries may be performed during view rendering. Explicitly configure spring.jpa.open-in-view to disable this warning
2024-09-11T12:47:39.902-03:00  INFO 12024 --- [tpFinal] [           main] c.t.tpFinal.TpFinalApplicationTests      : Started TpFinalApplicationTests in 4.202 seconds (process running for 5.097)
]]></system-out>
    <system-err><![CDATA[WARNING: A Java agent has been loaded dynamically (C:\Users\Nahuel\.m2\repository\net\bytebuddy\byte-buddy-agent\1.14.19\byte-buddy-agent-1.14.19.jar)
WARNING: If a serviceability tool is in use, please run with -XX:+EnableDynamicAgentLoading to hide this warning
WARNING: If a serviceability tool is not in use, please run with -Djdk.instrument.traceUsage for more information
WARNING: Dynamic loading of agents will be disallowed by default in a future release
]]></system-err>
  </testcase>
</testsuite>